76:21:24.419566 MainPower Log continuation - Log started 2022-11-29T00:24:37.782347700Z
76:21:36.993968 dns-monitor HostDnsMonitor: updating information
76:21:36.994030 dns-monitor HostDnsMonitor: unchanged
76:25:52.464035 USBPROXY usbLibGetDevices: Starting USB device enumeration
76:25:52.477287 USBPROXY Getting USB descriptor (id 0) failed (dwErr=31) on hub USB#ROOT_HUB30#4&27bcf9ab&0&0#{f18a0e88-c30c-11d0-8815-00a0c906bed8} port 6
76:25:52.477420 USBPROXY Getting USB descriptor (id 0) failed (dwErr=31) on hub USB#ROOT_HUB30#4&27bcf9ab&0&0#{f18a0e88-c30c-11d0-8815-00a0c906bed8} port 10
76:25:52.477569 USBPROXY usbLibGetDevices: Found 2 USB devices, 0 captured
76:25:52.477609 USBPROXY USB: Unknown USB device detected (idVendor: 0x13d3, idProduct: 0x3530)
76:51:11.970262 dns-monitor HostDnsMonitor: updating information
76:51:11.970296 dns-monitor HostDnsMonitor: old information
76:51:11.970299 dns-monitor   server 1: 192.168.254.254
76:51:11.970302 dns-monitor   domain: home
76:51:11.970305 dns-monitor   no search string entries
76:51:11.970307 dns-monitor HostDnsMonitor: new information
76:51:11.970310 dns-monitor   server 1: 172.28.64.1
76:51:11.970313 dns-monitor   server 2: 192.168.254.254
76:51:11.970315 dns-monitor   no domain set
76:51:11.970318 dns-monitor   no search string entries
77:39:59.592314 USBPROXY usbLibGetDevices: Starting USB device enumeration
77:39:59.605247 USBPROXY Getting USB descriptor (id 0) failed (dwErr=31) on hub USB#ROOT_HUB30#4&27bcf9ab&0&0#{f18a0e88-c30c-11d0-8815-00a0c906bed8} port 6
77:39:59.605339 USBPROXY Getting USB descriptor (id 0) failed (dwErr=31) on hub USB#ROOT_HUB30#4&27bcf9ab&0&0#{f18a0e88-c30c-11d0-8815-00a0c906bed8} port 10
77:39:59.605690 USBPROXY usbLibGetDevices: Found 2 USB devices, 0 captured
77:46:54.994931 main     WM_QUERYENDSESSION: shutdown (0x00000000)
77:46:54.994997 main     VBoxSvc has active connections: bActivity = false, lock count = 2
77:46:59.930711 main     WM_ENDSESSION: critical (TRUE/0x40000000)
